[1226/213710.182:ERROR:directory_reader_win.cc(43)] FindFirstFile: The system cannot find the path specified. (0x3)
[1226/213922.282:ERROR:directory_reader_win.cc(43)] FindFirstFile: The system cannot find the path specified. (0x3)
[1226/214015.837:ERROR:filesystem_win.cc(129)] GetFileAttributes C:\Users\INUNUG~1\AppData\Local\Temp\scoped_dir2200_1396601674\Crashpad\attachments\38902f98-fa68-4f48-a429-a169c8655198: The system cannot find the path specified. (0x3)
[1226/214015.835:ERROR:scoped_process_suspend.cc(40)] NtResumeProcess: An attempt was made to access an exiting process. (0xc000010a)
[1226/214016.626:ERROR:filesystem_win.cc(129)] GetFileAttributes C:\Users\INUNUG~1\AppData\Local\Temp\scoped_dir12308_877364675\Crashpad\attachments\6fb2f792-9f3f-4203-802a-3cc7568f8917: The system cannot find the path specified. (0x3)
[1226/215451.778:ERROR:process_memory_win.cc(73)] ReadMemory at 0x98ef9d4000 of 180224 bytes failed: Only part of a ReadProcessMemory or WriteProcessMemory request was completed. (0x12B)
[1226/215451.782:ERROR:process_memory_win.cc(73)] ReadMemory at 0x98f01fe000 of 8192 bytes failed: Only part of a ReadProcessMemory or WriteProcessMemory request was completed. (0x12B)
[1226/215451.782:ERROR:process_memory_win.cc(73)] ReadMemory at 0x98f09f3000 of 53248 bytes failed: Only part of a ReadProcessMemory or WriteProcessMemory request was completed. (0x12B)
[1226/215451.782:ERROR:process_memory_win.cc(73)] ReadMemory at 0x98f11fe000 of 8192 bytes failed: Only part of a ReadProcessMemory or WriteProcessMemory request was completed. (0x12B)
[1226/215451.782:ERROR:process_memory_win.cc(73)] ReadMemory at 0x98f19fd000 of 12288 bytes failed: Only part of a ReadProcessMemory or WriteProcessMemory request was completed. (0x12B)
[1226/215451.783:ERROR:process_memory_win.cc(73)] ReadMemory at 0x98f21fe000 of 8192 bytes failed: Only part of a ReadProcessMemory or WriteProcessMemory request was completed. (0x12B)
[1226/215451.783:ERROR:process_memory_win.cc(73)] ReadMemory at 0x98f29fe000 of 8192 bytes failed: Only part of a ReadProcessMemory or WriteProcessMemory request was completed. (0x12B)
[1226/215451.783:ERROR:process_memory_win.cc(73)] ReadMemory at 0x98f31f3000 of 53248 bytes failed: Only part of a ReadProcessMemory or WriteProcessMemory request was completed. (0x12B)
[1226/215451.783:ERROR:process_memory_win.cc(73)] ReadMemory at 0x98f39fd000 of 12288 bytes failed: Only part of a ReadProcessMemory or WriteProcessMemory request was completed. (0x12B)
[1226/215451.783:ERROR:process_memory_win.cc(73)] ReadMemory at 0x98f41fe000 of 8192 bytes failed: Only part of a ReadProcessMemory or WriteProcessMemory request was completed. (0x12B)
[1226/215451.783:ERROR:process_memory_win.cc(73)] ReadMemory at 0x98f49fc000 of 16384 bytes failed: Only part of a ReadProcessMemory or WriteProcessMemory request was completed. (0x12B)
[1226/215451.784:ERROR:process_memory_win.cc(73)] ReadMemory at 0x98f51fc000 of 16384 bytes failed: Only part of a ReadProcessMemory or WriteProcessMemory request was completed. (0x12B)
[1226/215451.784:ERROR:process_memory_win.cc(73)] ReadMemory at 0x98f61f3000 of 53248 bytes failed: Only part of a ReadProcessMemory or WriteProcessMemory request was completed. (0x12B)
[1226/215451.784:ERROR:process_memory_win.cc(73)] ReadMemory at 0x98f69fe000 of 8192 bytes failed: Only part of a ReadProcessMemory or WriteProcessMemory request was completed. (0x12B)
[1226/215451.784:ERROR:process_memory_win.cc(73)] ReadMemory at 0x98f71f4000 of 49152 bytes failed: Only part of a ReadProcessMemory or WriteProcessMemory request was completed. (0x12B)
[1226/215451.784:ERROR:process_memory_win.cc(73)] ReadMemory at 0x98f79f4000 of 49152 bytes failed: Only part of a ReadProcessMemory or WriteProcessMemory request was completed. (0x12B)
[1226/215451.784:ERROR:process_memory_win.cc(73)] ReadMemory at 0x98ef1ca000 of 852 bytes failed: Only part of a ReadProcessMemory or WriteProcessMemory request was completed. (0x12B)
[1226/215451.785:ERROR:process_memory_win.cc(73)] ReadMemory at 0x98ef1cb000 of 6024 bytes failed: Only part of a ReadProcessMemory or WriteProcessMemory request was completed. (0x12B)
[1226/215451.786:ERROR:process_memory_win.cc(73)] ReadMemory at 0x98ef1cd000 of 6024 bytes failed: Only part of a ReadProcessMemory or WriteProcessMemory request was completed. (0x12B)
[1226/215451.787:ERROR:process_memory_win.cc(73)] ReadMemory at 0x98ef1cf000 of 6024 bytes failed: Only part of a ReadProcessMemory or WriteProcessMemory request was completed. (0x12B)
[1226/215451.787:ERROR:process_memory_win.cc(73)] ReadMemory at 0x98ef1d1000 of 6024 bytes failed: Only part of a ReadProcessMemory or WriteProcessMemory request was completed. (0x12B)
[1226/215451.787:ERROR:process_memory_win.cc(73)] ReadMemory at 0x98ef1d3000 of 6024 bytes failed: Only part of a ReadProcessMemory or WriteProcessMemory request was completed. (0x12B)
[1226/215451.787:ERROR:process_memory_win.cc(73)] ReadMemory at 0x98ef1d5000 of 6024 bytes failed: Only part of a ReadProcessMemory or WriteProcessMemory request was completed. (0x12B)
[1226/215451.787:ERROR:process_memory_win.cc(73)] ReadMemory at 0x98ef1d7000 of 6024 bytes failed: Only part of a ReadProcessMemory or WriteProcessMemory request was completed. (0x12B)
[1226/215451.788:ERROR:process_memory_win.cc(73)] ReadMemory at 0x98ef1d9000 of 6024 bytes failed: Only part of a ReadProcessMemory or WriteProcessMemory request was completed. (0x12B)
[1226/215451.788:ERROR:process_memory_win.cc(73)] ReadMemory at 0x98ef1db000 of 6024 bytes failed: Only part of a ReadProcessMemory or WriteProcessMemory request was completed. (0x12B)
[1226/215451.788:ERROR:process_memory_win.cc(73)] ReadMemory at 0x98ef1dd000 of 6024 bytes failed: Only part of a ReadProcessMemory or WriteProcessMemory request was completed. (0x12B)
[1226/215451.788:ERROR:process_memory_win.cc(73)] ReadMemory at 0x98ef1df000 of 6024 bytes failed: Only part of a ReadProcessMemory or WriteProcessMemory request was completed. (0x12B)
[1226/215451.788:ERROR:process_memory_win.cc(73)] ReadMemory at 0x98ef1e1000 of 6024 bytes failed: Only part of a ReadProcessMemory or WriteProcessMemory request was completed. (0x12B)
[1226/215451.788:ERROR:process_memory_win.cc(73)] ReadMemory at 0x98ef1e5000 of 6024 bytes failed: Only part of a ReadProcessMemory or WriteProcessMemory request was completed. (0x12B)
[1226/215451.788:ERROR:process_memory_win.cc(73)] ReadMemory at 0x98ef1e7000 of 6024 bytes failed: Only part of a ReadProcessMemory or WriteProcessMemory request was completed. (0x12B)
[1226/215451.789:ERROR:process_memory_win.cc(73)] ReadMemory at 0x98ef1e9000 of 6024 bytes failed: Only part of a ReadProcessMemory or WriteProcessMemory request was completed. (0x12B)
[1226/215451.789:ERROR:process_memory_win.cc(73)] ReadMemory at 0x98ef1eb000 of 6024 bytes failed: Only part of a ReadProcessMemory or WriteProcessMemory request was completed. (0x12B)
[1226/215451.789:ERROR:process_memory_win.cc(73)] ReadMemory at 0x1ac817c0000 of 384 bytes failed: Only part of a ReadProcessMemory or WriteProcessMemory request was completed. (0x12B)
[1226/215451.789:ERROR:process_memory_win.cc(73)] ReadMemory at 0x1ac81841180 of 512 bytes failed: Only part of a ReadProcessMemory or WriteProcessMemory request was completed. (0x12B)
[1226/215451.789:ERROR:process_memory_win.cc(73)] ReadMemory at 0x1ac818429d0 of 512 bytes failed: Only part of a ReadProcessMemory or WriteProcessMemory request was completed. (0x12B)
[1226/215451.789:ERROR:process_memory_win.cc(73)] ReadMemory at 0x1ac81843bb8 of 512 bytes failed: Only part of a ReadProcessMemory or WriteProcessMemory request was completed. (0x12B)
[1226/215451.789:ERROR:process_memory_win.cc(73)] ReadMemory at 0x1ac818528a0 of 512 bytes failed: Only part of a ReadProcessMemory or WriteProcessMemory request was completed. (0x12B)
[1226/215451.789:ERROR:process_memory_win.cc(73)] ReadMemory at 0x1ac818601a2 of 512 bytes failed: Only part of a ReadProcessMemory or WriteProcessMemory request was completed. (0x12B)
[1226/215451.789:ERROR:process_memory_win.cc(73)] ReadMemory at 0x1ac81860a00 of 512 bytes failed: Only part of a ReadProcessMemory or WriteProcessMemory request was completed. (0x12B)
[1226/215451.790:ERROR:process_memory_win.cc(73)] ReadMemory at 0x1ac81b49348 of 512 bytes failed: Only part of a ReadProcessMemory or WriteProcessMemory request was completed. (0x12B)
[1226/215451.790:ERROR:process_memory_win.cc(73)] ReadMemory at 0x1ac81b90dd0 of 512 bytes failed: Only part of a ReadProcessMemory or WriteProcessMemory request was completed. (0x12B)
[1226/215451.790:ERROR:process_memory_win.cc(73)] ReadMemory at 0x1ac81bd0d80 of 512 bytes failed: Only part of a ReadProcessMemory or WriteProcessMemory request was completed. (0x12B)
[1226/215451.791:ERROR:process_memory_win.cc(73)] ReadMemory at 0x1ac820d7020 of 512 bytes failed: Only part of a ReadProcessMemory or WriteProcessMemory request was completed. (0x12B)
[1226/215451.791:ERROR:process_memory_win.cc(73)] ReadMemory at 0x1ac821a4420 of 512 bytes failed: Only part of a ReadProcessMemory or WriteProcessMemory request was completed. (0x12B)
[1226/215451.792:ERROR:process_memory_win.cc(73)] ReadMemory at 0x1ac824dff80 of 512 bytes failed: Only part of a ReadProcessMemory or WriteProcessMemory request was completed. (0x12B)
[1226/215451.792:ERROR:process_memory_win.cc(73)] ReadMemory at 0x1ac8253e680 of 544 bytes failed: Only part of a ReadProcessMemory or WriteProcessMemory request was completed. (0x12B)
[1226/215451.792:ERROR:process_memory_win.cc(73)] ReadMemory at 0x1acfc0e0ee0 of 512 bytes failed: Only part of a ReadProcessMemory or WriteProcessMemory request was completed. (0x12B)
[1226/215451.792:ERROR:process_memory_win.cc(73)] ReadMemory at 0x1acfc0e14e0 of 512 bytes failed: Only part of a ReadProcessMemory or WriteProcessMemory request was completed. (0x12B)
[1226/215451.792:ERROR:process_memory_win.cc(73)] ReadMemory at 0x1acfc110fe0 of 6066 bytes failed: Only part of a ReadProcessMemory or WriteProcessMemory request was completed. (0x12B)
[1226/215451.792:ERROR:process_memory_win.cc(73)] ReadMemory at 0x1acfc1127a0 of 1012 bytes failed: Only part of a ReadProcessMemory or WriteProcessMemory request was completed. (0x12B)
[1226/215451.792:ERROR:process_memory_win.cc(73)] ReadMemory at 0x1acfc112de8 of 118 bytes failed: Only part of a ReadProcessMemory or WriteProcessMemory request was completed. (0x12B)
[1226/215451.792:ERROR:process_memory_win.cc(73)] ReadMemory at 0x1acfc112e60 of 1148 bytes failed: Only part of a ReadProcessMemory or WriteProcessMemory request was completed. (0x12B)
[1226/215451.793:ERROR:process_memory_win.cc(73)] ReadMemory at 0x1acfc1132de of 118 bytes failed: Only part of a ReadProcessMemory or WriteProcessMemory request was completed. (0x12B)
[1226/215451.793:ERROR:process_memory_win.cc(73)] ReadMemory at 0x1acfc113356 of 98 bytes failed: Only part of a ReadProcessMemory or WriteProcessMemory request was completed. (0x12B)
[1226/215451.793:ERROR:process_memory_win.cc(73)] ReadMemory at 0x1acfc1133d0 of 58 bytes failed: Only part of a ReadProcessMemory or WriteProcessMemory request was completed. (0x12B)
[1226/215451.793:ERROR:process_memory_win.cc(73)] ReadMemory at 0x1acfc1134d0 of 132 bytes failed: Only part of a ReadProcessMemory or WriteProcessMemory request was completed. (0x12B)
[1226/215451.793:ERROR:process_memory_win.cc(73)] ReadMemory at 0x1acfc113660 of 132 bytes failed: Only part of a ReadProcessMemory or WriteProcessMemory request was completed. (0x12B)
[1226/215451.793:ERROR:process_memory_win.cc(73)] ReadMemory at 0x1acfc113820 of 124 bytes failed: Only part of a ReadProcessMemory or WriteProcessMemory request was completed. (0x12B)
[1226/215451.793:ERROR:process_memory_win.cc(73)] ReadMemory at 0x1acfc113d20 of 132 bytes failed: Only part of a ReadProcessMemory or WriteProcessMemory request was completed. (0x12B)
[1226/215451.793:ERROR:process_memory_win.cc(73)] ReadMemory at 0x1acfc113eb0 of 64 bytes failed: Only part of a ReadProcessMemory or WriteProcessMemory request was completed. (0x12B)
[1226/215451.794:ERROR:process_memory_win.cc(73)] ReadMemory at 0x1acfc114070 of 132 bytes failed: Only part of a ReadProcessMemory or WriteProcessMemory request was completed. (0x12B)
[1226/215451.794:ERROR:process_memory_win.cc(73)] ReadMemory at 0x1acfc114310 of 132 bytes failed: Only part of a ReadProcessMemory or WriteProcessMemory request was completed. (0x12B)
[1226/215451.794:ERROR:process_memory_win.cc(73)] ReadMemory at 0x1acfc1144a0 of 68 bytes failed: Only part of a ReadProcessMemory or WriteProcessMemory request was completed. (0x12B)
[1226/215451.794:ERROR:process_memory_win.cc(73)] ReadMemory at 0x1acfc115630 of 132 bytes failed: Only part of a ReadProcessMemory or WriteProcessMemory request was completed. (0x12B)
[1226/215451.794:ERROR:process_memory_win.cc(73)] ReadMemory at 0x1acfc1157c0 of 152 bytes failed: Only part of a ReadProcessMemory or WriteProcessMemory request was completed. (0x12B)
[1226/215451.795:ERROR:process_memory_win.cc(73)] ReadMemory at 0x1acfc1164c0 of 62 bytes failed: Only part of a ReadProcessMemory or WriteProcessMemory request was completed. (0x12B)
[1226/215451.795:ERROR:process_memory_win.cc(73)] ReadMemory at 0x1acfc116620 of 132 bytes failed: Only part of a ReadProcessMemory or WriteProcessMemory request was completed. (0x12B)
[1226/215451.795:ERROR:process_memory_win.cc(73)] ReadMemory at 0x1acfc1167b0 of 60 bytes failed: Only part of a ReadProcessMemory or WriteProcessMemory request was completed. (0x12B)
[1226/215451.795:ERROR:process_memory_win.cc(73)] ReadMemory at 0x1acfc11f4e0 of 54 bytes failed: Only part of a ReadProcessMemory or WriteProcessMemory request was completed. (0x12B)
[1226/215451.795:ERROR:process_memory_win.cc(73)] ReadMemory at 0x1acfc122cf0 of 80 bytes failed: Only part of a ReadProcessMemory or WriteProcessMemory request was completed. (0x12B)
[1226/215451.795:ERROR:process_memory_win.cc(73)] ReadMemory at 0x1acfc122e10 of 80 bytes failed: Only part of a ReadProcessMemory or WriteProcessMemory request was completed. (0x12B)
[1226/215451.795:ERROR:process_memory_win.cc(73)] ReadMemory at 0x1acfc125420 of 132 bytes failed: Only part of a ReadProcessMemory or WriteProcessMemory request was completed. (0x12B)
[1226/215451.796:ERROR:process_memory_win.cc(73)] ReadMemory at 0x1acfc125650 of 132 bytes failed: Only part of a ReadProcessMemory or WriteProcessMemory request was completed. (0x12B)
[1226/215451.796:ERROR:process_memory_win.cc(73)] ReadMemory at 0x1acfc126160 of 132 bytes failed: Only part of a ReadProcessMemory or WriteProcessMemory request was completed. (0x12B)
[1226/215451.796:ERROR:process_memory_win.cc(73)] ReadMemory at 0x1acfc1272f0 of 132 bytes failed: Only part of a ReadProcessMemory or WriteProcessMemory request was completed. (0x12B)
[1226/215451.796:ERROR:process_memory_win.cc(73)] ReadMemory at 0x1acfc127420 of 132 bytes failed: Only part of a ReadProcessMemory or WriteProcessMemory request was completed. (0x12B)
[1226/215451.796:ERROR:process_memory_win.cc(73)] ReadMemory at 0x1acfc127550 of 132 bytes failed: Only part of a ReadProcessMemory or WriteProcessMemory request was completed. (0x12B)
[1226/215451.796:ERROR:process_memory_win.cc(73)] ReadMemory at 0x1acfc127680 of 132 bytes failed: Only part of a ReadProcessMemory or WriteProcessMemory request was completed. (0x12B)
[1226/215451.796:ERROR:process_memory_win.cc(73)] ReadMemory at 0x1acfc1278e0 of 132 bytes failed: Only part of a ReadProcessMemory or WriteProcessMemory request was completed. (0x12B)
[1226/215451.796:ERROR:process_memory_win.cc(73)] ReadMemory at 0x1acfc127a10 of 132 bytes failed: Only part of a ReadProcessMemory or WriteProcessMemory request was completed. (0x12B)
[1226/215451.797:ERROR:process_memory_win.cc(73)] ReadMemory at 0x1acfc127b40 of 132 bytes failed: Only part of a ReadProcessMemory or WriteProcessMemory request was completed. (0x12B)
[1226/215451.797:ERROR:process_memory_win.cc(73)] ReadMemory at 0x1acfc127c70 of 132 bytes failed: Only part of a ReadProcessMemory or WriteProcessMemory request was completed. (0x12B)
[1226/215451.797:ERROR:process_memory_win.cc(73)] ReadMemory at 0x1acfc127da0 of 132 bytes failed: Only part of a ReadProcessMemory or WriteProcessMemory request was completed. (0x12B)
[1226/215451.797:ERROR:process_memory_win.cc(73)] ReadMemory at 0x1acfc127ed0 of 132 bytes failed: Only part of a ReadProcessMemory or WriteProcessMemory request was completed. (0x12B)
[1226/215451.797:ERROR:process_memory_win.cc(73)] ReadMemory at 0x1acfc128000 of 132 bytes failed: Only part of a ReadProcessMemory or WriteProcessMemory request was completed. (0x12B)
[1226/215451.797:ERROR:process_memory_win.cc(73)] ReadMemory at 0x1acfc128130 of 132 bytes failed: Only part of a ReadProcessMemory or WriteProcessMemory request was completed. (0x12B)
[1226/215451.799:ERROR:process_memory_win.cc(73)] ReadMemory at 0x1acfc128d80 of 76 bytes failed: Only part of a ReadProcessMemory or WriteProcessMemory request was completed. (0x12B)
[1226/215451.799:ERROR:process_memory_win.cc(73)] ReadMemory at 0x1acfc129200 of 78 bytes failed: Only part of a ReadProcessMemory or WriteProcessMemory request was completed. (0x12B)
[1226/215451.800:ERROR:process_memory_win.cc(73)] ReadMemory at 0x1acfc1299f0 of 132 bytes failed: Only part of a ReadProcessMemory or WriteProcessMemory request was completed. (0x12B)
[1226/215451.800:ERROR:process_memory_win.cc(73)] ReadMemory at 0x1acfc12a0e0 of 144 bytes failed: Only part of a ReadProcessMemory or WriteProcessMemory request was completed. (0x12B)
[1226/215451.800:ERROR:process_memory_win.cc(73)] ReadMemory at 0x1acfc12aeb0 of 62 bytes failed: Only part of a ReadProcessMemory or WriteProcessMemory request was completed. (0x12B)
[1226/215451.801:ERROR:process_memory_win.cc(73)] ReadMemory at 0x1acfc12af50 of 62 bytes failed: Only part of a ReadProcessMemory or WriteProcessMemory request was completed. (0x12B)
[1226/215451.801:ERROR:process_memory_win.cc(73)] ReadMemory at 0x1acfc12aff0 of 62 bytes failed: Only part of a ReadProcessMemory or WriteProcessMemory request was completed. (0x12B)
[1226/215451.801:ERROR:process_memory_win.cc(73)] ReadMemory at 0x1acfc12b0e0 of 66 bytes failed: Only part of a ReadProcessMemory or WriteProcessMemory request was completed. (0x12B)
[1226/215451.801:ERROR:process_memory_win.cc(73)] ReadMemory at 0x1acfc12b1d0 of 62 bytes failed: Only part of a ReadProcessMemory or WriteProcessMemory request was completed. (0x12B)
[1226/215451.802:ERROR:process_memory_win.cc(73)] ReadMemory at 0x1acfc12b220 of 64 bytes failed: Only part of a ReadProcessMemory or WriteProcessMemory request was completed. (0x12B)
[1226/215451.802:ERROR:process_memory_win.cc(73)] ReadMemory at 0x1acfc12b270 of 64 bytes failed: Only part of a ReadProcessMemory or WriteProcessMemory request was completed. (0x12B)
[1226/215451.803:ERROR:process_memory_win.cc(73)] ReadMemory at 0x1acfc12b2c0 of 60 bytes failed: Only part of a ReadProcessMemory or WriteProcessMemory request was completed. (0x12B)
[1226/215451.803:ERROR:process_memory_win.cc(73)] ReadMemory at 0x1acfc12b360 of 62 bytes failed: Only part of a ReadProcessMemory or WriteProcessMemory request was completed. (0x12B)
[1226/215451.803:ERROR:process_memory_win.cc(73)] ReadMemory at 0x1acfc12b3b0 of 62 bytes failed: Only part of a ReadProcessMemory or WriteProcessMemory request was completed. (0x12B)
[1226/215451.803:ERROR:process_memory_win.cc(73)] ReadMemory at 0x1acfc12b450 of 64 bytes failed: Only part of a ReadProcessMemory or WriteProcessMemory request was completed. (0x12B)
[1226/215451.803:ERROR:process_memory_win.cc(73)] ReadMemory at 0x1acfc12b4f0 of 64 bytes failed: Only part of a ReadProcessMemory or WriteProcessMemory request was completed. (0x12B)
[1226/215451.803:ERROR:process_memory_win.cc(73)] ReadMemory at 0x1acfc12b590 of 64 bytes failed: Only part of a ReadProcessMemory or WriteProcessMemory request was completed. (0x12B)
[1226/215451.803:ERROR:process_memory_win.cc(73)] ReadMemory at 0x1acfc12b5e0 of 60 bytes failed: Only part of a ReadProcessMemory or WriteProcessMemory request was completed. (0x12B)
[1226/215451.804:ERROR:process_memory_win.cc(73)] ReadMemory at 0x1acfc12b720 of 60 bytes failed: Only part of a ReadProcessMemory or WriteProcessMemory request was completed. (0x12B)
[1226/215451.804:ERROR:process_memory_win.cc(73)] ReadMemory at 0x1acfc12b810 of 58 bytes failed: Only part of a ReadProcessMemory or WriteProcessMemory request was completed. (0x12B)
[1226/215451.804:ERROR:process_memory_win.cc(73)] ReadMemory at 0x1acfc12b900 of 62 bytes failed: Only part of a ReadProcessMemory or WriteProcessMemory request was completed. (0x12B)
[1226/215451.804:ERROR:process_memory_win.cc(73)] ReadMemory at 0x1acfc12b950 of 62 bytes failed: Only part of a ReadProcessMemory or WriteProcessMemory request was completed. (0x12B)
[1226/215451.806:ERROR:process_memory_win.cc(73)] ReadMemory at 0x1acfc12b9f0 of 60 bytes failed: Only part of a ReadProcessMemory or WriteProcessMemory request was completed. (0x12B)
[1226/215451.806:ERROR:process_memory_win.cc(73)] ReadMemory at 0x1acfc12ba40 of 66 bytes failed: Only part of a ReadProcessMemory or WriteProcessMemory request was completed. (0x12B)
[1226/215451.806:ERROR:process_memory_win.cc(73)] ReadMemory at 0x1acfc12ba90 of 64 bytes failed: Only part of a ReadProcessMemory or WriteProcessMemory request was completed. (0x12B)
[1226/215451.806:ERROR:process_memory_win.cc(73)] ReadMemory at 0x1acfc12bae0 of 64 bytes failed: Only part of a ReadProcessMemory or WriteProcessMemory request was completed. (0x12B)
[1226/215451.806:ERROR:process_memory_win.cc(73)] ReadMemory at 0x1acfc12bb30 of 62 bytes failed: Only part of a ReadProcessMemory or WriteProcessMemory request was completed. (0x12B)
[1226/215451.806:ERROR:process_memory_win.cc(73)] ReadMemory at 0x1acfc12bbd0 of 60 bytes failed: Only part of a ReadProcessMemory or WriteProcessMemory request was completed. (0x12B)
[1226/215451.806:ERROR:process_memory_win.cc(73)] ReadMemory at 0x1acfc12bc20 of 64 bytes failed: Only part of a ReadProcessMemory or WriteProcessMemory request was completed. (0x12B)
[1226/215451.807:ERROR:process_memory_win.cc(73)] ReadMemory at 0x1acfc12bcc0 of 62 bytes failed: Only part of a ReadProcessMemory or WriteProcessMemory request was completed. (0x12B)
[1226/215451.807:ERROR:process_memory_win.cc(73)] ReadMemory at 0x1acfc12bd10 of 60 bytes failed: Only part of a ReadProcessMemory or WriteProcessMemory request was completed. (0x12B)
[1226/215451.807:ERROR:process_memory_win.cc(73)] ReadMemory at 0x1acfc12ce60 of 132 bytes failed: Only part of a ReadProcessMemory or WriteProcessMemory request was completed. (0x12B)
[1226/215451.807:ERROR:process_memory_win.cc(73)] ReadMemory at 0x1acfc12d1b0 of 132 bytes failed: Only part of a ReadProcessMemory or WriteProcessMemory request was completed. (0x12B)
[1226/215451.807:ERROR:process_memory_win.cc(73)] ReadMemory at 0x1acfc12d2e0 of 132 bytes failed: Only part of a ReadProcessMemory or WriteProcessMemory request was completed. (0x12B)
[1226/215451.807:ERROR:process_memory_win.cc(73)] ReadMemory at 0x1acfc131420 of 132 bytes failed: Only part of a ReadProcessMemory or WriteProcessMemory request was completed. (0x12B)
[1226/215451.807:ERROR:process_memory_win.cc(73)] ReadMemory at 0x1acfc131640 of 132 bytes failed: Only part of a ReadProcessMemory or WriteProcessMemory request was completed. (0x12B)
[1226/215451.807:ERROR:process_memory_win.cc(73)] ReadMemory at 0x1acfc134eb0 of 132 bytes failed: Only part of a ReadProcessMemory or WriteProcessMemory request was completed. (0x12B)
[1226/215451.807:ERROR:process_memory_win.cc(73)] ReadMemory at 0x1acfc134fe0 of 132 bytes failed: Only part of a ReadProcessMemory or WriteProcessMemory request was completed. (0x12B)
[1226/215451.807:ERROR:process_memory_win.cc(73)] ReadMemory at 0x1acfc135110 of 132 bytes failed: Only part of a ReadProcessMemory or WriteProcessMemory request was completed. (0x12B)
[1226/215451.808:ERROR:process_memory_win.cc(73)] ReadMemory at 0x1acfc135370 of 132 bytes failed: Only part of a ReadProcessMemory or WriteProcessMemory request was completed. (0x12B)
[1226/215451.808:ERROR:process_memory_win.cc(73)] ReadMemory at 0x1acfc135830 of 132 bytes failed: Only part of a ReadProcessMemory or WriteProcessMemory request was completed. (0x12B)
[1226/215451.808:ERROR:process_memory_win.cc(73)] ReadMemory at 0x1acfc135960 of 132 bytes failed: Only part of a ReadProcessMemory or WriteProcessMemory request was completed. (0x12B)
[1226/215451.808:ERROR:process_memory_win.cc(73)] ReadMemory at 0x1acfc135a90 of 132 bytes failed: Only part of a ReadProcessMemory or WriteProcessMemory request was completed. (0x12B)
[1226/215451.808:ERROR:process_memory_win.cc(73)] ReadMemory at 0x1acfc135bc0 of 132 bytes failed: Only part of a ReadProcessMemory or WriteProcessMemory request was completed. (0x12B)
[1226/215451.808:ERROR:process_memory_win.cc(73)] ReadMemory at 0x1acfc135cf0 of 132 bytes failed: Only part of a ReadProcessMemory or WriteProcessMemory request was completed. (0x12B)
[1226/215451.808:ERROR:process_memory_win.cc(73)] ReadMemory at 0x1acfc135e20 of 132 bytes failed: Only part of a ReadProcessMemory or WriteProcessMemory request was completed. (0x12B)
[1226/215451.808:ERROR:process_memory_win.cc(73)] ReadMemory at 0x1acfc135f50 of 132 bytes failed: Only part of a ReadProcessMemory or WriteProcessMemory request was completed. (0x12B)
[1226/215451.808:ERROR:process_memory_win.cc(73)] ReadMemory at 0x1acfc136080 of 132 bytes failed: Only part of a ReadProcessMemory or WriteProcessMemory request was completed. (0x12B)
[1226/215451.809:ERROR:process_memory_win.cc(73)] ReadMemory at 0x1acfc1361b0 of 132 bytes failed: Only part of a ReadProcessMemory or WriteProcessMemory request was completed. (0x12B)
[1226/215451.809:ERROR:process_memory_win.cc(73)] ReadMemory at 0x1acfc1362e0 of 132 bytes failed: Only part of a ReadProcessMemory or WriteProcessMemory request was completed. (0x12B)
[1226/215451.809:ERROR:process_memory_win.cc(73)] ReadMemory at 0x1acfc136410 of 132 bytes failed: Only part of a ReadProcessMemory or WriteProcessMemory request was completed. (0x12B)
[1226/215451.809:ERROR:process_memory_win.cc(73)] ReadMemory at 0x1acfc136540 of 132 bytes failed: Only part of a ReadProcessMemory or WriteProcessMemory request was completed. (0x12B)
[1226/215451.809:ERROR:process_memory_win.cc(73)] ReadMemory at 0x1acfc136670 of 132 bytes failed: Only part of a ReadProcessMemory or WriteProcessMemory request was completed. (0x12B)
[1226/215451.809:ERROR:process_memory_win.cc(73)] ReadMemory at 0x1acfc1367a0 of 132 bytes failed: Only part of a ReadProcessMemory or WriteProcessMemory request was completed. (0x12B)
[1226/215451.809:ERROR:process_memory_win.cc(73)] ReadMemory at 0x1acfc1368d0 of 132 bytes failed: Only part of a ReadProcessMemory or WriteProcessMemory request was completed. (0x12B)
[1226/215451.810:ERROR:process_memory_win.cc(73)] ReadMemory at 0x1acfc136a00 of 132 bytes failed: Only part of a ReadProcessMemory or WriteProcessMemory request was completed. (0x12B)
[1226/215451.810:ERROR:process_memory_win.cc(73)] ReadMemory at 0x1acfc136b30 of 132 bytes failed: Only part of a ReadProcessMemory or WriteProcessMemory request was completed. (0x12B)
[1226/215451.810:ERROR:process_memory_win.cc(73)] ReadMemory at 0x1acfc136c60 of 132 bytes failed: Only part of a ReadProcessMemory or WriteProcessMemory request was completed. (0x12B)
[1226/215451.810:ERROR:process_memory_win.cc(73)] ReadMemory at 0x1acfc15b7e0 of 62 bytes failed: Only part of a ReadProcessMemory or WriteProcessMemory request was completed. (0x12B)
[1226/215451.810:ERROR:process_memory_win.cc(73)] ReadMemory at 0x1acfc15b920 of 62 bytes failed: Only part of a ReadProcessMemory or WriteProcessMemory request was completed. (0x12B)
[1226/215451.810:ERROR:process_memory_win.cc(73)] ReadMemory at 0x1acfc15be20 of 60 bytes failed: Only part of a ReadProcessMemory or WriteProcessMemory request was completed. (0x12B)
[1226/215451.810:ERROR:process_memory_win.cc(73)] ReadMemory at 0x1acfc15bf60 of 66 bytes failed: Only part of a ReadProcessMemory or WriteProcessMemory request was completed. (0x12B)
[1226/215451.811:ERROR:process_memory_win.cc(73)] ReadMemory at 0x1acfc15c0a0 of 58 bytes failed: Only part of a ReadProcessMemory or WriteProcessMemory request was completed. (0x12B)
[1226/215451.812:ERROR:process_memory_win.cc(73)] ReadMemory at 0x1acfc15c0f0 of 58 bytes failed: Only part of a ReadProcessMemory or WriteProcessMemory request was completed. (0x12B)
[1226/215451.812:ERROR:process_memory_win.cc(73)] ReadMemory at 0x1acfc15c2d0 of 58 bytes failed: Only part of a ReadProcessMemory or WriteProcessMemory request was completed. (0x12B)
[1226/215451.812:ERROR:process_memory_win.cc(73)] ReadMemory at 0x1acfc15c320 of 60 bytes failed: Only part of a ReadProcessMemory or WriteProcessMemory request was completed. (0x12B)
[1226/215451.813:ERROR:process_memory_win.cc(73)] ReadMemory at 0x1acfc15c370 of 64 bytes failed: Only part of a ReadProcessMemory or WriteProcessMemory request was completed. (0x12B)
[1226/215451.813:ERROR:process_memory_win.cc(73)] ReadMemory at 0x1acfc15c3c0 of 62 bytes failed: Only part of a ReadProcessMemory or WriteProcessMemory request was completed. (0x12B)
[1226/215451.813:ERROR:process_memory_win.cc(73)] ReadMemory at 0x1acfc17e780 of 512 bytes failed: Only part of a ReadProcessMemory or WriteProcessMemory request was completed. (0x12B)
[1226/215451.814:ERROR:process_memory_win.cc(73)] ReadMemory at 0x1acfc18dbd0 of 512 bytes failed: Only part of a ReadProcessMemory or WriteProcessMemory request was completed. (0x12B)
[1226/215451.814:ERROR:process_memory_win.cc(73)] ReadMemory at 0x1acfc18e4d0 of 512 bytes failed: Only part of a ReadProcessMemory or WriteProcessMemory request was completed. (0x12B)
[1226/215451.814:ERROR:process_memory_win.cc(73)] ReadMemory at 0x1acfc18e750 of 512 bytes failed: Only part of a ReadProcessMemory or WriteProcessMemory request was completed. (0x12B)
[1226/215451.814:ERROR:process_memory_win.cc(73)] ReadMemory at 0x1acfc199d30 of 512 bytes failed: Only part of a ReadProcessMemory or WriteProcessMemory request was completed. (0x12B)
[1226/215451.814:ERROR:process_memory_win.cc(73)] ReadMemory at 0x1acfc19a7a0 of 736 bytes failed: Only part of a ReadProcessMemory or WriteProcessMemory request was completed. (0x12B)
[1226/215451.814:ERROR:process_memory_win.cc(73)] ReadMemory at 0x1acfc19c580 of 512 bytes failed: Only part of a ReadProcessMemory or WriteProcessMemory request was completed. (0x12B)
[1226/215451.814:ERROR:process_memory_win.cc(73)] ReadMemory at 0x620a0a8c0090 of 512 bytes failed: Only part of a ReadProcessMemory or WriteProcessMemory request was completed. (0x12B)
[1226/215451.814:ERROR:process_memory_win.cc(73)] ReadMemory at 0x620a0bac0090 of 512 bytes failed: Only part of a ReadProcessMemory or WriteProcessMemory request was completed. (0x12B)
[1226/215451.814:ERROR:process_memory_win.cc(73)] ReadMemory at 0x7ffac43fd520 of 512 bytes failed: Only part of a ReadProcessMemory or WriteProcessMemory request was completed. (0x12B)
[1226/215451.815:ERROR:process_memory_win.cc(73)] ReadMemory at 0x7ffac5f6dee8 of 512 bytes failed: Only part of a ReadProcessMemory or WriteProcessMemory request was completed. (0x12B)
[1226/215451.815:ERROR:process_memory_win.cc(73)] ReadMemory at 0x7ffb15713aa9 of 512 bytes failed: Only part of a ReadProcessMemory or WriteProcessMemory request was completed. (0x12B)
[1226/215451.816:ERROR:process_memory_win.cc(73)] ReadMemory at 0x7ffb1593d700 of 512 bytes failed: Only part of a ReadProcessMemory or WriteProcessMemory request was completed. (0x12B)
[1226/215451.816:ERROR:process_memory_win.cc(73)] ReadMemory at 0x7ffb17a51fd0 of 512 bytes failed: Only part of a ReadProcessMemory or WriteProcessMemory request was completed. (0x12B)
[1226/215451.816:ERROR:process_memory_win.cc(73)] ReadMemory at 0x7ffb1837b89f of 512 bytes failed: Only part of a ReadProcessMemory or WriteProcessMemory request was completed. (0x12B)
[1226/215451.816:ERROR:process_memory_win.cc(73)] ReadMemory at 0x7ffb183dc6f4 of 832 bytes failed: Only part of a ReadProcessMemory or WriteProcessMemory request was completed. (0x12B)
[1226/215451.816:ERROR:process_memory_win.cc(73)] ReadMemory at 0x7ffb183dffa4 of 608 bytes failed: Only part of a ReadProcessMemory or WriteProcessMemory request was completed. (0x12B)
[1226/215451.816:ERROR:process_memory_win.cc(73)] ReadMemory at 0x7ffb1846c428 of 18 bytes failed: Only part of a ReadProcessMemory or WriteProcessMemory request was completed. (0x12B)
[1226/215451.817:ERROR:process_memory_win.cc(73)] ReadMemory at 0x7ffb1849f4f8 of 40 bytes failed: Only part of a ReadProcessMemory or WriteProcessMemory request was completed. (0x12B)
[1226/215451.817:ERROR:process_memory_win.cc(73)] ReadMemory at 0x7ffb1849f978 of 48 bytes failed: Only part of a ReadProcessMemory or WriteProcessMemory request was completed. (0x12B)
[1226/215451.817:ERROR:process_memory_win.cc(73)] ReadMemory at 0x7ffb184a53c0 of 64 bytes failed: Only part of a ReadProcessMemory or WriteProcessMemory request was completed. (0x12B)
[1226/215451.819:ERROR:scoped_process_suspend.cc(40)] NtResumeProcess: An attempt was made to access an exiting process. (0xc000010a)
[1226/215451.821:ERROR:filesystem_win.cc(129)] GetFileAttributes C:\Users\INUNUG~1\AppData\Local\Temp\scoped_dir4772_1513906043\Crashpad\attachments\e6a2f059-d1d6-4d8e-b177-78204b748c02: The system cannot find the path specified. (0x3)
[1226/215454.769:ERROR:process_info.cc(329)] VirtualQueryEx: Access is denied. (0x5)
[1226/215454.771:ERROR:process_info.cc(556)] ReadMemoryInfo failed
[1226/215454.771:ERROR:process_memory_win.cc(39)] Failed to initialize ProcessInfo.
[1226/215454.771:ERROR:scoped_process_suspend.cc(40)] NtResumeProcess: An attempt was made to access an exiting process. (0xc000010a)
[1227/075703.982:ERROR:directory_reader_win.cc(43)] FindFirstFile: The system cannot find the path specified. (0x3)
[1227/081147.404:ERROR:directory_reader_win.cc(43)] FindFirstFile: The system cannot find the path specified. (0x3)
[1228/084857.151:ERROR:directory_reader_win.cc(43)] FindFirstFile: The system cannot find the path specified. (0x3)
[1228/094826.524:ERROR:process_reader_win.cc(123)] NtOpenThread: {Access Denied} A process has requested access to an object, but has not been granted those access rights. (0xc0000022)
[1228/094826.524:ERROR:exception_snapshot_win.cc(99)] thread ID 5588 not found in process
[1228/094826.530:ERROR:process_reader_win.cc(123)] NtOpenThread: {Access Denied} A process has requested access to an object, but has not been granted those access rights. (0xc0000022)
[1228/094826.531:ERROR:exception_snapshot_win.cc(99)] thread ID 5648 not found in process
[1228/094826.531:ERROR:process_reader_win.cc(123)] NtOpenThread: {Access Denied} A process has requested access to an object, but has not been granted those access rights. (0xc0000022)
[1228/094826.531:ERROR:exception_snapshot_win.cc(99)] thread ID 4556 not found in process
[1228/094826.545:ERROR:process_reader_win.cc(123)] NtOpenThread: {Access Denied} A process has requested access to an object, but has not been granted those access rights. (0xc0000022)
[1228/094826.545:ERROR:exception_snapshot_win.cc(99)] thread ID 5312 not found in process
[1228/122846.921:ERROR:directory_reader_win.cc(43)] FindFirstFile: The system cannot find the path specified. (0x3)
[1228/130315.100:ERROR:directory_reader_win.cc(43)] FindFirstFile: The system cannot find the path specified. (0x3)
[1228/130423.070:ERROR:directory_reader_win.cc(43)] FindFirstFile: The system cannot find the path specified. (0x3)
[1228/130518.519:ERROR:directory_reader_win.cc(43)] FindFirstFile: The system cannot find the path specified. (0x3)
[1228/133055.357:ERROR:directory_reader_win.cc(43)] FindFirstFile: The system cannot find the path specified. (0x3)
[1228/133211.847:ERROR:directory_reader_win.cc(43)] FindFirstFile: The system cannot find the path specified. (0x3)
[1228/133510.394:ERROR:directory_reader_win.cc(43)] FindFirstFile: The system cannot find the path specified. (0x3)
[0101/131716.847:ERROR:directory_reader_win.cc(43)] FindFirstFile: The system cannot find the path specified. (0x3)
[0101/131858.791:ERROR:directory_reader_win.cc(43)] FindFirstFile: The system cannot find the path specified. (0x3)
[0102/150629.175:ERROR:process_reader_win.cc(123)] NtOpenThread: {Access Denied} A process has requested access to an object, but has not been granted those access rights. (0xc0000022)
[0102/150629.177:ERROR:exception_snapshot_win.cc(99)] thread ID 6708 not found in process
[0102/150629.176:ERROR:process_reader_win.cc(151)] SuspendThread: Access is denied. (0x5)
[0102/150629.177:ERROR:process_reader_win.cc(123)] NtOpenThread: {Access Denied} A process has requested access to an object, but has not been granted those access rights. (0xc0000022)
[0102/150629.177:ERROR:exception_snapshot_win.cc(99)] thread ID 6784 not found in process
[0102/150629.181:ERROR:process_reader_win.cc(151)] SuspendThread: Access is denied. (0x5)
[0102/150629.181:ERROR:process_reader_win.cc(151)] SuspendThread: Access is denied. (0x5)
[0102/150629.181:ERROR:process_reader_win.cc(151)] SuspendThread: Access is denied. (0x5)
[0102/150629.181:ERROR:process_reader_win.cc(151)] SuspendThread: Access is denied. (0x5)
[0102/150629.181:ERROR:process_reader_win.cc(123)] NtOpenThread: {Access Denied} A process has requested access to an object, but has not been granted those access rights. (0xc0000022)
[0102/150629.181:ERROR:exception_snapshot_win.cc(99)] thread ID 2740 not found in process
[0102/150629.185:ERROR:process_reader_win.cc(123)] NtOpenThread: {Access Denied} A process has requested access to an object, but has not been granted those access rights. (0xc0000022)
[0102/150629.185:ERROR:exception_snapshot_win.cc(99)] thread ID 6244 not found in process
[0102/150629.202:ERROR:process_reader_win.cc(123)] NtOpenThread: {Access Denied} A process has requested access to an object, but has not been granted those access rights. (0xc0000022)
[0102/150629.202:ERROR:exception_snapshot_win.cc(99)] thread ID 3288 not found in process
[0102/151532.547:ERROR:directory_reader_win.cc(43)] FindFirstFile: The system cannot find the path specified. (0x3)
[0104/095945.884:ERROR:directory_reader_win.cc(43)] FindFirstFile: The system cannot find the path specified. (0x3)
[0104/100230.244:ERROR:directory_reader_win.cc(43)] FindFirstFile: The system cannot find the path specified. (0x3)
[0104/101238.446:ERROR:directory_reader_win.cc(43)] FindFirstFile: The system cannot find the path specified. (0x3)
[0104/102004.578:ERROR:directory_reader_win.cc(43)] FindFirstFile: The system cannot find the path specified. (0x3)
[0104/102025.306:ERROR:process_reader_win.cc(123)] NtOpenThread: {Access Denied} A process has requested access to an object, but has not been granted those access rights. (0xc0000022)
[0104/102025.306:ERROR:exception_snapshot_win.cc(99)] thread ID 9812 not found in process
[0104/102025.393:ERROR:process_reader_win.cc(123)] NtOpenThread: {Access Denied} A process has requested access to an object, but has not been granted those access rights. (0xc0000022)
[0104/102025.393:ERROR:exception_snapshot_win.cc(99)] thread ID 10116 not found in process
[0104/102025.442:ERROR:process_reader_win.cc(123)] NtOpenThread: {Access Denied} A process has requested access to an object, but has not been granted those access rights. (0xc0000022)
[0104/102025.442:ERROR:exception_snapshot_win.cc(99)] thread ID 6064 not found in process
[0104/102025.514:ERROR:process_reader_win.cc(123)] NtOpenThread: {Access Denied} A process has requested access to an object, but has not been granted those access rights. (0xc0000022)
[0104/102025.514:ERROR:exception_snapshot_win.cc(99)] thread ID 7720 not found in process
[0104/103941.441:ERROR:directory_reader_win.cc(43)] FindFirstFile: The system cannot find the path specified. (0x3)
[0104/105254.379:ERROR:directory_reader_win.cc(43)] FindFirstFile: The system cannot find the path specified. (0x3)
[0104/111443.287:ERROR:process_reader_win.cc(151)] SuspendThread: Access is denied. (0x5)
[0104/111443.287:ERROR:process_reader_win.cc(123)] NtOpenThread: {Access Denied} A process has requested access to an object, but has not been granted those access rights. (0xc0000022)
[0104/111443.288:ERROR:exception_snapshot_win.cc(99)] thread ID 6028 not found in process
[0104/111443.346:ERROR:process_reader_win.cc(123)] NtOpenThread: {Access Denied} A process has requested access to an object, but has not been granted those access rights. (0xc0000022)
[0104/111443.346:ERROR:exception_snapshot_win.cc(99)] thread ID 7704 not found in process
[0104/111443.412:ERROR:process_reader_win.cc(123)] NtOpenThread: {Access Denied} A process has requested access to an object, but has not been granted those access rights. (0xc0000022)
[0104/111443.412:ERROR:exception_snapshot_win.cc(99)] thread ID 7596 not found in process
[0104/111443.460:ERROR:process_reader_win.cc(123)] NtOpenThread: {Access Denied} A process has requested access to an object, but has not been granted those access rights. (0xc0000022)
[0104/111443.460:ERROR:exception_snapshot_win.cc(99)] thread ID 7796 not found in process
[0104/162136.920:ERROR:process_reader_win.cc(123)] NtOpenThread: {Access Denied} A process has requested access to an object, but has not been granted those access rights. (0xc0000022)
[0104/162136.921:ERROR:exception_snapshot_win.cc(99)] thread ID 4964 not found in process
[0104/162136.975:ERROR:process_reader_win.cc(123)] NtOpenThread: {Access Denied} A process has requested access to an object, but has not been granted those access rights. (0xc0000022)
[0104/162136.975:ERROR:exception_snapshot_win.cc(99)] thread ID 8680 not found in process
[0104/162137.023:ERROR:process_reader_win.cc(123)] NtOpenThread: {Access Denied} A process has requested access to an object, but has not been granted those access rights. (0xc0000022)
[0104/162137.023:ERROR:exception_snapshot_win.cc(99)] thread ID 6028 not found in process
[0104/162137.097:ERROR:process_reader_win.cc(123)] NtOpenThread: {Access Denied} A process has requested access to an object, but has not been granted those access rights. (0xc0000022)
[0104/162137.097:ERROR:exception_snapshot_win.cc(99)] thread ID 10060 not found in process
[0104/162137.215:ERROR:process_reader_win.cc(123)] NtOpenThread: {Access Denied} A process has requested access to an object, but has not been granted those access rights. (0xc0000022)
[0104/162137.216:ERROR:exception_snapshot_win.cc(99)] thread ID 2256 not found in process
[0104/162137.467:ERROR:process_reader_win.cc(151)] SuspendThread: Access is denied. (0x5)
[0104/162137.467:ERROR:process_reader_win.cc(151)] SuspendThread: Access is denied. (0x5)
[0104/162137.467:ERROR:process_reader_win.cc(151)] SuspendThread: Access is denied. (0x5)
[0104/162137.467:ERROR:process_reader_win.cc(151)] SuspendThread: Access is denied. (0x5)
[0104/162137.467:ERROR:process_reader_win.cc(123)] NtOpenThread: {Access Denied} A process has requested access to an object, but has not been granted those access rights. (0xc0000022)
[0104/162137.467:ERROR:exception_snapshot_win.cc(99)] thread ID 4132 not found in process
[0104/162137.491:ERROR:process_reader_win.cc(123)] NtOpenThread: {Access Denied} A process has requested access to an object, but has not been granted those access rights. (0xc0000022)
[0104/162137.491:ERROR:exception_snapshot_win.cc(99)] thread ID 10132 not found in process
[0104/162137.556:ERROR:process_reader_win.cc(123)] NtOpenThread: {Access Denied} A process has requested access to an object, but has not been granted those access rights. (0xc0000022)
[0104/162137.556:ERROR:exception_snapshot_win.cc(99)] thread ID 7016 not found in process
[0105/164542.440:ERROR:directory_reader_win.cc(43)] FindFirstFile: The system cannot find the path specified. (0x3)
[0105/170336.366:ERROR:process_reader_win.cc(151)] SuspendThread: Access is denied. (0x5)
[0105/170336.367:ERROR:process_reader_win.cc(151)] SuspendThread: Access is denied. (0x5)
[0105/170336.367:ERROR:process_reader_win.cc(151)] SuspendThread: Access is denied. (0x5)
[0105/170336.367:ERROR:process_reader_win.cc(151)] SuspendThread: Access is denied. (0x5)
[0105/170336.367:ERROR:process_reader_win.cc(123)] NtOpenThread: {Access Denied} A process has requested access to an object, but has not been granted those access rights. (0xc0000022)
[0105/170336.367:ERROR:exception_snapshot_win.cc(99)] thread ID 5804 not found in process
[0105/170336.407:ERROR:process_reader_win.cc(123)] NtOpenThread: {Access Denied} A process has requested access to an object, but has not been granted those access rights. (0xc0000022)
[0105/170336.407:ERROR:exception_snapshot_win.cc(99)] thread ID 704 not found in process
[0105/170336.510:ERROR:process_reader_win.cc(123)] NtOpenThread: {Access Denied} A process has requested access to an object, but has not been granted those access rights. (0xc0000022)
[0105/170336.510:ERROR:exception_snapshot_win.cc(99)] thread ID 8148 not found in process
[0105/170336.583:ERROR:process_reader_win.cc(123)] NtOpenThread: {Access Denied} A process has requested access to an object, but has not been granted those access rights. (0xc0000022)
[0105/170336.583:ERROR:exception_snapshot_win.cc(99)] thread ID 4952 not found in process
[0105/170336.643:ERROR:process_reader_win.cc(123)] NtOpenThread: {Access Denied} A process has requested access to an object, but has not been granted those access rights. (0xc0000022)
[0105/170336.643:ERROR:exception_snapshot_win.cc(99)] thread ID 2356 not found in process
[0107/131410.472:ERROR:directory_reader_win.cc(43)] FindFirstFile: The system cannot find the path specified. (0x3)
[0107/132735.655:ERROR:process_reader_win.cc(151)] SuspendThread: Access is denied. (0x5)
[0107/132735.655:ERROR:process_reader_win.cc(123)] NtOpenThread: {Access Denied} A process has requested access to an object, but has not been granted those access rights. (0xc0000022)
[0107/132735.655:ERROR:exception_snapshot_win.cc(99)] thread ID 4432 not found in process
[0107/132735.659:ERROR:process_reader_win.cc(123)] NtOpenThread: {Access Denied} A process has requested access to an object, but has not been granted those access rights. (0xc0000022)
[0107/132735.659:ERROR:exception_snapshot_win.cc(99)] thread ID 8592 not found in process
[0107/132735.659:ERROR:process_reader_win.cc(123)] NtOpenThread: {Access Denied} A process has requested access to an object, but has not been granted those access rights. (0xc0000022)
[0107/132735.659:ERROR:exception_snapshot_win.cc(99)] thread ID 6240 not found in process
[0107/132735.662:ERROR:process_reader_win.cc(123)] NtOpenThread: {Access Denied} A process has requested access to an object, but has not been granted those access rights. (0xc0000022)
[0107/132735.662:ERROR:exception_snapshot_win.cc(99)] thread ID 6028 not found in process
[0107/132947.206:ERROR:process_reader_win.cc(123)] NtOpenThread: {Access Denied} A process has requested access to an object, but has not been granted those access rights. (0xc0000022)
[0107/132947.206:ERROR:exception_snapshot_win.cc(99)] thread ID 9204 not found in process
[0107/132947.208:ERROR:process_reader_win.cc(123)] NtOpenThread: {Access Denied} A process has requested access to an object, but has not been granted those access rights. (0xc0000022)
[0107/132947.208:ERROR:exception_snapshot_win.cc(99)] thread ID 8676 not found in process
[0107/132947.212:ERROR:process_reader_win.cc(123)] NtOpenThread: {Access Denied} A process has requested access to an object, but has not been granted those access rights. (0xc0000022)
[0107/132947.212:ERROR:exception_snapshot_win.cc(99)] thread ID 8024 not found in process
[0107/132947.215:ERROR:process_reader_win.cc(123)] NtOpenThread: {Access Denied} A process has requested access to an object, but has not been granted those access rights. (0xc0000022)
[0107/132947.215:ERROR:exception_snapshot_win.cc(99)] thread ID 8320 not found in process
[0107/140410.457:ERROR:process_reader_win.cc(123)] NtOpenThread: {Access Denied} A process has requested access to an object, but has not been granted those access rights. (0xc0000022)
[0107/140410.458:ERROR:exception_snapshot_win.cc(99)] thread ID 7112 not found in process
[0107/140410.551:ERROR:process_reader_win.cc(123)] NtOpenThread: {Access Denied} A process has requested access to an object, but has not been granted those access rights. (0xc0000022)
[0107/140410.551:ERROR:exception_snapshot_win.cc(99)] thread ID 8728 not found in process
[0107/140410.603:ERROR:process_reader_win.cc(123)] NtOpenThread: {Access Denied} A process has requested access to an object, but has not been granted those access rights. (0xc0000022)
[0107/140410.603:ERROR:exception_snapshot_win.cc(99)] thread ID 7196 not found in process
[0107/140410.643:ERROR:process_reader_win.cc(123)] NtOpenThread: {Access Denied} A process has requested access to an object, but has not been granted those access rights. (0xc0000022)
[0107/140410.643:ERROR:exception_snapshot_win.cc(99)] thread ID 8076 not found in process
[0107/152002.585:ERROR:directory_reader_win.cc(43)] FindFirstFile: The system cannot find the path specified. (0x3)
[0107/160344.100:ERROR:process_reader_win.cc(123)] NtOpenThread: {Access Denied} A process has requested access to an object, but has not been granted those access rights. (0xc0000022)
[0107/160344.101:ERROR:exception_snapshot_win.cc(99)] thread ID 6856 not found in process
[0107/160344.131:ERROR:process_reader_win.cc(123)] NtOpenThread: {Access Denied} A process has requested access to an object, but has not been granted those access rights. (0xc0000022)
[0107/160344.131:ERROR:exception_snapshot_win.cc(99)] thread ID 7052 not found in process
[0107/160344.188:ERROR:process_reader_win.cc(123)] NtOpenThread: {Access Denied} A process has requested access to an object, but has not been granted those access rights. (0xc0000022)
[0107/160344.188:ERROR:exception_snapshot_win.cc(99)] thread ID 8012 not found in process
[0107/160344.234:ERROR:process_reader_win.cc(123)] NtOpenThread: {Access Denied} A process has requested access to an object, but has not been granted those access rights. (0xc0000022)
[0107/160344.234:ERROR:exception_snapshot_win.cc(99)] thread ID 4648 not found in process
[0107/160344.266:ERROR:process_reader_win.cc(123)] NtOpenThread: {Access Denied} A process has requested access to an object, but has not been granted those access rights. (0xc0000022)
[0107/160344.267:ERROR:exception_snapshot_win.cc(99)] thread ID 5076 not found in process
[0111/104025.614:ERROR:directory_reader_win.cc(43)] FindFirstFile: The system cannot find the path specified. (0x3)
[0115/144814.069:ERROR:directory_reader_win.cc(43)] FindFirstFile: The system cannot find the path specified. (0x3)
[0115/144851.852:ERROR:directory_reader_win.cc(43)] FindFirstFile: The system cannot find the path specified. (0x3)
[0115/145542.519:ERROR:directory_reader_win.cc(43)] FindFirstFile: The system cannot find the path specified. (0x3)
[0116/134608.053:ERROR:process_reader_win.cc(123)] NtOpenThread: {Access Denied} A process has requested access to an object, but has not been granted those access rights. (0xc0000022)
[0116/134608.053:ERROR:exception_snapshot_win.cc(99)] thread ID 6148 not found in process
[0116/134608.088:ERROR:process_reader_win.cc(123)] NtOpenThread: {Access Denied} A process has requested access to an object, but has not been granted those access rights. (0xc0000022)
[0116/134608.088:ERROR:exception_snapshot_win.cc(99)] thread ID 4492 not found in process
[0116/134608.136:ERROR:process_reader_win.cc(123)] NtOpenThread: {Access Denied} A process has requested access to an object, but has not been granted those access rights. (0xc0000022)
[0116/134608.137:ERROR:exception_snapshot_win.cc(99)] thread ID 6328 not found in process
[0116/134710.389:ERROR:process_reader_win.cc(123)] NtOpenThread: {Access Denied} A process has requested access to an object, but has not been granted those access rights. (0xc0000022)
[0116/134710.389:ERROR:exception_snapshot_win.cc(99)] thread ID 7512 not found in process
[0116/134710.413:ERROR:process_reader_win.cc(123)] NtOpenThread: {Access Denied} A process has requested access to an object, but has not been granted those access rights. (0xc0000022)
[0116/134710.413:ERROR:exception_snapshot_win.cc(99)] thread ID 7516 not found in process
[0116/134710.439:ERROR:process_reader_win.cc(123)] NtOpenThread: {Access Denied} A process has requested access to an object, but has not been granted those access rights. (0xc0000022)
[0116/134710.439:ERROR:exception_snapshot_win.cc(99)] thread ID 7520 not found in process
[0116/134710.465:ERROR:process_reader_win.cc(123)] NtOpenThread: {Access Denied} A process has requested access to an object, but has not been granted those access rights. (0xc0000022)
[0116/134710.465:ERROR:exception_snapshot_win.cc(99)] thread ID 7524 not found in process
[0116/134710.466:ERROR:scoped_process_suspend.cc(40)] NtResumeProcess: An attempt was made to access an exiting process. (0xc000010a)
[0116/134710.495:ERROR:process_reader_win.cc(123)] NtOpenThread: {Access Denied} A process has requested access to an object, but has not been granted those access rights. (0xc0000022)
[0116/134710.496:ERROR:exception_snapshot_win.cc(99)] thread ID 7548 not found in process
[0116/134710.549:ERROR:process_info.cc(329)] VirtualQueryEx: Access is denied. (0x5)
[0116/134710.549:ERROR:process_info.cc(556)] ReadMemoryInfo failed
[0116/134710.549:ERROR:process_memory_win.cc(39)] Failed to initialize ProcessInfo.
[0116/134710.549:ERROR:scoped_process_suspend.cc(40)] NtResumeProcess: An attempt was made to access an exiting process. (0xc000010a)
[0116/135503.689:ERROR:process_reader_win.cc(123)] NtOpenThread: {Access Denied} A process has requested access to an object, but has not been granted those access rights. (0xc0000022)
[0116/135503.689:ERROR:exception_snapshot_win.cc(99)] thread ID 7260 not found in process
[0116/135503.730:ERROR:process_reader_win.cc(123)] NtOpenThread: {Access Denied} A process has requested access to an object, but has not been granted those access rights. (0xc0000022)
[0116/135503.730:ERROR:exception_snapshot_win.cc(99)] thread ID 4680 not found in process
[0116/135713.210:ERROR:process_reader_win.cc(123)] NtOpenThread: {Access Denied} A process has requested access to an object, but has not been granted those access rights. (0xc0000022)
[0116/135713.211:ERROR:exception_snapshot_win.cc(99)] thread ID 7516 not found in process
[0116/135713.215:ERROR:process_reader_win.cc(123)] NtOpenThread: {Access Denied} A process has requested access to an object, but has not been granted those access rights. (0xc0000022)
[0116/135713.215:ERROR:exception_snapshot_win.cc(99)] thread ID 2288 not found in process
[0116/135713.216:ERROR:process_reader_win.cc(123)] NtOpenThread: {Access Denied} A process has requested access to an object, but has not been granted those access rights. (0xc0000022)
[0116/135713.216:ERROR:exception_snapshot_win.cc(99)] thread ID 5668 not found in process
[0116/135713.224:ERROR:process_reader_win.cc(123)] NtOpenThread: {Access Denied} A process has requested access to an object, but has not been granted those access rights. (0xc0000022)
[0116/135713.224:ERROR:exception_snapshot_win.cc(99)] thread ID 3328 not found in process
[0116/150803.358:ERROR:process_reader_win.cc(123)] NtOpenThread: {Access Denied} A process has requested access to an object, but has not been granted those access rights. (0xc0000022)
[0116/150803.359:ERROR:exception_snapshot_win.cc(99)] thread ID 4764 not found in process
[0116/150803.362:ERROR:process_reader_win.cc(123)] NtOpenThread: {Access Denied} A process has requested access to an object, but has not been granted those access rights. (0xc0000022)
[0116/150803.362:ERROR:exception_snapshot_win.cc(99)] thread ID 8188 not found in process
[0116/150803.372:ERROR:process_reader_win.cc(123)] NtOpenThread: {Access Denied} A process has requested access to an object, but has not been granted those access rights. (0xc0000022)
[0116/150803.372:ERROR:exception_snapshot_win.cc(99)] thread ID 3888 not found in process
[0116/150803.417:ERROR:process_info.cc(329)] VirtualQueryEx: Access is denied. (0x5)
[0116/150803.418:ERROR:process_info.cc(556)] ReadMemoryInfo failed
[0116/150803.418:ERROR:process_memory_win.cc(39)] Failed to initialize ProcessInfo.
[0116/150803.418:ERROR:scoped_process_suspend.cc(40)] NtResumeProcess: An attempt was made to access an exiting process. (0xc000010a)
[0116/150917.297:ERROR:process_reader_win.cc(123)] NtOpenThread: {Access Denied} A process has requested access to an object, but has not been granted those access rights. (0xc0000022)
[0116/150917.297:ERROR:process_reader_win.cc(123)] NtOpenThread: {Access Denied} A process has requested access to an object, but has not been granted those access rights. (0xc0000022)
[0116/150917.297:ERROR:exception_snapshot_win.cc(99)] thread ID 7260 not found in process
[0116/150917.297:ERROR:exception_snapshot_win.cc(99)] thread ID 4796 not found in process
[0116/150917.305:ERROR:process_reader_win.cc(123)] NtOpenThread: {Access Denied} A process has requested access to an object, but has not been granted those access rights. (0xc0000022)
[0116/150917.305:ERROR:exception_snapshot_win.cc(99)] thread ID 1492 not found in process
[0116/150917.318:ERROR:process_reader_win.cc(123)] NtOpenThread: {Access Denied} A process has requested access to an object, but has not been granted those access rights. (0xc0000022)
[0116/150917.318:ERROR:exception_snapshot_win.cc(99)] thread ID 5308 not found in process
[0116/150917.324:ERROR:process_reader_win.cc(123)] NtOpenThread: {Access Denied} A process has requested access to an object, but has not been granted those access rights. (0xc0000022)
[0116/150917.324:ERROR:exception_snapshot_win.cc(99)] thread ID 7496 not found in process
[0116/154610.644:ERROR:process_reader_win.cc(123)] NtOpenThread: {Access Denied} A process has requested access to an object, but has not been granted those access rights. (0xc0000022)
[0116/154610.644:ERROR:exception_snapshot_win.cc(99)] thread ID 3840 not found in process
[0116/154610.644:ERROR:process_reader_win.cc(123)] NtOpenThread: {Access Denied} A process has requested access to an object, but has not been granted those access rights. (0xc0000022)
[0116/154610.644:ERROR:exception_snapshot_win.cc(99)] thread ID 8120 not found in process
[0116/154610.646:ERROR:process_reader_win.cc(123)] NtOpenThread: {Access Denied} A process has requested access to an object, but has not been granted those access rights. (0xc0000022)
[0116/154610.646:ERROR:exception_snapshot_win.cc(99)] thread ID 7644 not found in process
[0116/154610.649:ERROR:process_reader_win.cc(123)] NtOpenThread: {Access Denied} A process has requested access to an object, but has not been granted those access rights. (0xc0000022)
[0116/154610.649:ERROR:exception_snapshot_win.cc(99)] thread ID 3956 not found in process
[0116/154610.669:ERROR:process_reader_win.cc(123)] NtOpenThread: {Access Denied} A process has requested access to an object, but has not been granted those access rights. (0xc0000022)
[0116/154610.670:ERROR:exception_snapshot_win.cc(99)] thread ID 5040 not found in process
[0116/154610.678:ERROR:process_reader_win.cc(123)] NtOpenThread: {Access Denied} A process has requested access to an object, but has not been granted those access rights. (0xc0000022)
[0116/154610.678:ERROR:exception_snapshot_win.cc(99)] thread ID 6324 not found in process
[0116/154610.684:ERROR:process_reader_win.cc(123)] NtOpenThread: {Access Denied} A process has requested access to an object, but has not been granted those access rights. (0xc0000022)
[0116/154610.684:ERROR:exception_snapshot_win.cc(99)] thread ID 2276 not found in process
[0116/154610.695:ERROR:process_reader_win.cc(123)] NtOpenThread: {Access Denied} A process has requested access to an object, but has not been granted those access rights. (0xc0000022)
[0116/154610.695:ERROR:exception_snapshot_win.cc(99)] thread ID 8132 not found in process
[0116/154610.711:ERROR:process_reader_win.cc(123)] NtOpenThread: {Access Denied} A process has requested access to an object, but has not been granted those access rights. (0xc0000022)
[0116/154610.711:ERROR:exception_snapshot_win.cc(99)] thread ID 1432 not found in process
[0118/092506.788:ERROR:process_reader_win.cc(123)] NtOpenThread: {Access Denied} A process has requested access to an object, but has not been granted those access rights. (0xc0000022)
[0118/092506.789:ERROR:exception_snapshot_win.cc(99)] thread ID 908 not found in process
[0118/092506.835:ERROR:process_reader_win.cc(123)] NtOpenThread: {Access Denied} A process has requested access to an object, but has not been granted those access rights. (0xc0000022)
[0118/092506.835:ERROR:exception_snapshot_win.cc(99)] thread ID 5400 not found in process
[0118/092717.265:ERROR:process_reader_win.cc(123)] NtOpenThread: {Access Denied} A process has requested access to an object, but has not been granted those access rights. (0xc0000022)
[0118/092717.265:ERROR:exception_snapshot_win.cc(99)] thread ID 5180 not found in process
[0118/092717.267:ERROR:process_reader_win.cc(123)] NtOpenThread: {Access Denied} A process has requested access to an object, but has not been granted those access rights. (0xc0000022)
[0118/092717.268:ERROR:exception_snapshot_win.cc(99)] thread ID 1004 not found in process
[0118/092717.267:ERROR:process_reader_win.cc(123)] NtOpenThread: {Access Denied} A process has requested access to an object, but has not been granted those access rights. (0xc0000022)
[0118/092717.268:ERROR:exception_snapshot_win.cc(99)] thread ID 3228 not found in process
[0118/092717.274:ERROR:process_reader_win.cc(123)] NtOpenThread: {Access Denied} A process has requested access to an object, but has not been granted those access rights. (0xc0000022)
[0118/092717.274:ERROR:exception_snapshot_win.cc(99)] thread ID 1400 not found in process
[0118/092717.290:ERROR:process_reader_win.cc(123)] NtOpenThread: {Access Denied} A process has requested access to an object, but has not been granted those access rights. (0xc0000022)
[0118/092717.290:ERROR:exception_snapshot_win.cc(99)] thread ID 380 not found in process
[0118/100145.658:ERROR:process_reader_win.cc(123)] NtOpenThread: {Access Denied} A process has requested access to an object, but has not been granted those access rights. (0xc0000022)
[0118/100145.658:ERROR:exception_snapshot_win.cc(99)] thread ID 6844 not found in process
[0118/101047.752:ERROR:process_reader_win.cc(123)] NtOpenThread: {Access Denied} A process has requested access to an object, but has not been granted those access rights. (0xc0000022)
[0118/101047.753:ERROR:exception_snapshot_win.cc(99)] thread ID 7540 not found in process
[0118/101047.775:ERROR:process_reader_win.cc(123)] NtOpenThread: {Access Denied} A process has requested access to an object, but has not been granted those access rights. (0xc0000022)
[0118/101047.775:ERROR:exception_snapshot_win.cc(99)] thread ID 7544 not found in process
[0118/101047.798:ERROR:process_info.cc(329)] VirtualQueryEx: Access is denied. (0x5)
[0118/101047.798:ERROR:process_info.cc(556)] ReadMemoryInfo failed
[0118/101047.798:ERROR:process_memory_win.cc(39)] Failed to initialize ProcessInfo.
[0118/101047.798:ERROR:scoped_process_suspend.cc(40)] NtResumeProcess: An attempt was made to access an exiting process. (0xc000010a)
[0118/101346.079:ERROR:process_reader_win.cc(123)] NtOpenThread: {Access Denied} A process has requested access to an object, but has not been granted those access rights. (0xc0000022)
[0118/101346.079:ERROR:exception_snapshot_win.cc(99)] thread ID 1616 not found in process
[0118/101346.101:ERROR:process_reader_win.cc(123)] NtOpenThread: {Access Denied} A process has requested access to an object, but has not been granted those access rights. (0xc0000022)
[0118/101346.101:ERROR:exception_snapshot_win.cc(99)] thread ID 1108 not found in process
[0118/101346.130:ERROR:process_reader_win.cc(123)] NtOpenThread: {Access Denied} A process has requested access to an object, but has not been granted those access rights. (0xc0000022)
[0118/101346.130:ERROR:exception_snapshot_win.cc(99)] thread ID 236 not found in process
[0118/101346.160:ERROR:process_reader_win.cc(123)] NtOpenThread: {Access Denied} A process has requested access to an object, but has not been granted those access rights. (0xc0000022)
[0118/101346.160:ERROR:exception_snapshot_win.cc(99)] thread ID 4016 not found in process
[0118/101346.198:ERROR:process_reader_win.cc(123)] NtOpenThread: {Access Denied} A process has requested access to an object, but has not been granted those access rights. (0xc0000022)
[0118/101346.198:ERROR:exception_snapshot_win.cc(99)] thread ID 7552 not found in process
[0118/101431.517:ERROR:process_reader_win.cc(123)] NtOpenThread: {Access Denied} A process has requested access to an object, but has not been granted those access rights. (0xc0000022)
[0118/101431.518:ERROR:exception_snapshot_win.cc(99)] thread ID 1380 not found in process
[0118/101431.539:ERROR:process_reader_win.cc(123)] NtOpenThread: {Access Denied} A process has requested access to an object, but has not been granted those access rights. (0xc0000022)
[0118/101431.539:ERROR:exception_snapshot_win.cc(99)] thread ID 1292 not found in process
[0118/101431.564:ERROR:process_reader_win.cc(123)] NtOpenThread: {Access Denied} A process has requested access to an object, but has not been granted those access rights. (0xc0000022)
[0118/101431.564:ERROR:exception_snapshot_win.cc(99)] thread ID 7324 not found in process
[0118/101431.594:ERROR:process_reader_win.cc(123)] NtOpenThread: {Access Denied} A process has requested access to an object, but has not been granted those access rights. (0xc0000022)
[0118/101431.594:ERROR:exception_snapshot_win.cc(99)] thread ID 4192 not found in process
[0118/101431.629:ERROR:process_reader_win.cc(123)] NtOpenThread: {Access Denied} A process has requested access to an object, but has not been granted those access rights. (0xc0000022)
[0118/101431.629:ERROR:exception_snapshot_win.cc(99)] thread ID 7296 not found in process
[0118/101544.678:ERROR:process_reader_win.cc(123)] NtOpenThread: {Access Denied} A process has requested access to an object, but has not been granted those access rights. (0xc0000022)
[0118/101544.679:ERROR:exception_snapshot_win.cc(99)] thread ID 7468 not found in process
[0118/101544.720:ERROR:process_reader_win.cc(123)] NtOpenThread: {Access Denied} A process has requested access to an object, but has not been granted those access rights. (0xc0000022)
[0118/101544.720:ERROR:exception_snapshot_win.cc(99)] thread ID 6540 not found in process
[0118/101544.778:ERROR:process_reader_win.cc(123)] NtOpenThread: {Access Denied} A process has requested access to an object, but has not been granted those access rights. (0xc0000022)
[0118/101544.778:ERROR:exception_snapshot_win.cc(99)] thread ID 7444 not found in process
[0118/101544.816:ERROR:process_reader_win.cc(123)] NtOpenThread: {Access Denied} A process has requested access to an object, but has not been granted those access rights. (0xc0000022)
[0118/101544.816:ERROR:exception_snapshot_win.cc(99)] thread ID 7600 not found in process
[0118/101715.111:ERROR:process_reader_win.cc(123)] NtOpenThread: {Access Denied} A process has requested access to an object, but has not been granted those access rights. (0xc0000022)
[0118/101715.111:ERROR:exception_snapshot_win.cc(99)] thread ID 4968 not found in process
[0118/101715.149:ERROR:process_reader_win.cc(123)] NtOpenThread: {Access Denied} A process has requested access to an object, but has not been granted those access rights. (0xc0000022)
[0118/101715.149:ERROR:exception_snapshot_win.cc(99)] thread ID 1380 not found in process
[0118/101715.186:ERROR:process_reader_win.cc(123)] NtOpenThread: {Access Denied} A process has requested access to an object, but has not been granted those access rights. (0xc0000022)
[0118/101715.186:ERROR:exception_snapshot_win.cc(99)] thread ID 1004 not found in process
[0118/101715.230:ERROR:process_reader_win.cc(123)] NtOpenThread: {Access Denied} A process has requested access to an object, but has not been granted those access rights. (0xc0000022)
[0118/101715.230:ERROR:exception_snapshot_win.cc(99)] thread ID 1084 not found in process
[0118/101936.565:ERROR:process_reader_win.cc(123)] NtOpenThread: {Access Denied} A process has requested access to an object, but has not been granted those access rights. (0xc0000022)
[0118/101936.566:ERROR:exception_snapshot_win.cc(99)] thread ID 1632 not found in process
[0118/101936.595:ERROR:process_reader_win.cc(123)] NtOpenThread: {Access Denied} A process has requested access to an object, but has not been granted those access rights. (0xc0000022)
[0118/101936.595:ERROR:exception_snapshot_win.cc(99)] thread ID 7340 not found in process
[0118/101936.624:ERROR:process_reader_win.cc(123)] NtOpenThread: {Access Denied} A process has requested access to an object, but has not been granted those access rights. (0xc0000022)
[0118/101936.625:ERROR:exception_snapshot_win.cc(99)] thread ID 5808 not found in process
[0118/101936.659:ERROR:process_reader_win.cc(123)] NtOpenThread: {Access Denied} A process has requested access to an object, but has not been granted those access rights. (0xc0000022)
[0118/101936.660:ERROR:exception_snapshot_win.cc(99)] thread ID 6876 not found in process
[0118/102116.499:ERROR:process_reader_win.cc(123)] NtOpenThread: {Access Denied} A process has requested access to an object, but has not been granted those access rights. (0xc0000022)
[0118/102116.499:ERROR:exception_snapshot_win.cc(99)] thread ID 2308 not found in process
[0118/102116.521:ERROR:process_reader_win.cc(123)] NtOpenThread: {Access Denied} A process has requested access to an object, but has not been granted those access rights. (0xc0000022)
[0118/102116.521:ERROR:exception_snapshot_win.cc(99)] thread ID 7952 not found in process
[0118/102116.546:ERROR:process_reader_win.cc(123)] NtOpenThread: {Access Denied} A process has requested access to an object, but has not been granted those access rights. (0xc0000022)
[0118/102116.546:ERROR:exception_snapshot_win.cc(99)] thread ID 7372 not found in process
[0118/102116.574:ERROR:process_reader_win.cc(123)] NtOpenThread: {Access Denied} A process has requested access to an object, but has not been granted those access rights. (0xc0000022)
[0118/102116.574:ERROR:exception_snapshot_win.cc(99)] thread ID 7464 not found in process
[0118/102116.608:ERROR:process_reader_win.cc(123)] NtOpenThread: {Access Denied} A process has requested access to an object, but has not been granted those access rights. (0xc0000022)
[0118/102116.609:ERROR:exception_snapshot_win.cc(99)] thread ID 2992 not found in process
[0118/103002.325:ERROR:process_reader_win.cc(123)] NtOpenThread: {Access Denied} A process has requested access to an object, but has not been granted those access rights. (0xc0000022)
[0118/103002.326:ERROR:exception_snapshot_win.cc(99)] thread ID 7024 not found in process
[0118/103633.727:ERROR:process_reader_win.cc(123)] NtOpenThread: {Access Denied} A process has requested access to an object, but has not been granted those access rights. (0xc0000022)
[0118/103633.728:ERROR:exception_snapshot_win.cc(99)] thread ID 1200 not found in process
[0118/103633.774:ERROR:process_reader_win.cc(123)] NtOpenThread: {Access Denied} A process has requested access to an object, but has not been granted those access rights. (0xc0000022)
[0118/103633.774:ERROR:exception_snapshot_win.cc(99)] thread ID 7740 not found in process
[0118/103633.824:ERROR:process_reader_win.cc(123)] NtOpenThread: {Access Denied} A process has requested access to an object, but has not been granted those access rights. (0xc0000022)
[0118/103633.824:ERROR:exception_snapshot_win.cc(99)] thread ID 4656 not found in process
[0118/103633.824:ERROR:scoped_process_suspend.cc(40)] NtResumeProcess: An attempt was made to access an exiting process. (0xc000010a)
[0118/104444.222:ERROR:process_reader_win.cc(123)] NtOpenThread: {Access Denied} A process has requested access to an object, but has not been granted those access rights. (0xc0000022)
[0118/104444.222:ERROR:exception_snapshot_win.cc(99)] thread ID 1936 not found in process
[0118/104543.941:ERROR:process_reader_win.cc(123)] NtOpenThread: {Access Denied} A process has requested access to an object, but has not been granted those access rights. (0xc0000022)
[0118/104543.941:ERROR:exception_snapshot_win.cc(99)] thread ID 7856 not found in process
[0118/105211.728:ERROR:process_reader_win.cc(123)] NtOpenThread: {Access Denied} A process has requested access to an object, but has not been granted those access rights. (0xc0000022)
[0118/105211.729:ERROR:exception_snapshot_win.cc(99)] thread ID 5708 not found in process
[0118/105211.750:ERROR:process_reader_win.cc(123)] NtOpenThread: {Access Denied} A process has requested access to an object, but has not been granted those access rights. (0xc0000022)
[0118/105211.750:ERROR:exception_snapshot_win.cc(99)] thread ID 7484 not found in process
[0118/105211.791:ERROR:process_reader_win.cc(123)] NtOpenThread: {Access Denied} A process has requested access to an object, but has not been granted those access rights. (0xc0000022)
[0118/105211.791:ERROR:exception_snapshot_win.cc(99)] thread ID 1632 not found in process
[0118/105211.837:ERROR:process_reader_win.cc(123)] NtOpenThread: {Access Denied} A process has requested access to an object, but has not been granted those access rights. (0xc0000022)
[0118/105211.837:ERROR:exception_snapshot_win.cc(99)] thread ID 3840 not found in process
[0118/105845.478:ERROR:process_reader_win.cc(123)] NtOpenThread: {Access Denied} A process has requested access to an object, but has not been granted those access rights. (0xc0000022)
[0118/105845.479:ERROR:exception_snapshot_win.cc(99)] thread ID 6688 not found in process
[0118/105845.523:ERROR:process_reader_win.cc(123)] NtOpenThread: {Access Denied} A process has requested access to an object, but has not been granted those access rights. (0xc0000022)
[0118/105845.523:ERROR:exception_snapshot_win.cc(99)] thread ID 1468 not found in process
[0118/105845.572:ERROR:process_reader_win.cc(123)] NtOpenThread: {Access Denied} A process has requested access to an object, but has not been granted those access rights. (0xc0000022)
[0118/105845.572:ERROR:exception_snapshot_win.cc(99)] thread ID 3752 not found in process
[0118/105845.615:ERROR:process_reader_win.cc(123)] NtOpenThread: {Access Denied} A process has requested access to an object, but has not been granted those access rights. (0xc0000022)
[0118/105845.615:ERROR:exception_snapshot_win.cc(99)] thread ID 6548 not found in process
[0118/110315.211:ERROR:process_reader_win.cc(123)] NtOpenThread: {Access Denied} A process has requested access to an object, but has not been granted those access rights. (0xc0000022)
[0118/110315.211:ERROR:exception_snapshot_win.cc(99)] thread ID 1640 not found in process
[0118/110315.231:ERROR:process_reader_win.cc(123)] NtOpenThread: {Access Denied} A process has requested access to an object, but has not been granted those access rights. (0xc0000022)
[0118/110315.231:ERROR:exception_snapshot_win.cc(99)] thread ID 5920 not found in process
[0118/110315.283:ERROR:process_reader_win.cc(123)] NtOpenThread: {Access Denied} A process has requested access to an object, but has not been granted those access rights. (0xc0000022)
[0118/110315.283:ERROR:exception_snapshot_win.cc(99)] thread ID 5460 not found in process
[0118/110315.343:ERROR:process_reader_win.cc(123)] NtOpenThread: {Access Denied} A process has requested access to an object, but has not been granted those access rights. (0xc0000022)
[0118/110315.343:ERROR:exception_snapshot_win.cc(99)] thread ID 8120 not found in process
[0118/110400.613:ERROR:process_reader_win.cc(123)] NtOpenThread: {Access Denied} A process has requested access to an object, but has not been granted those access rights. (0xc0000022)
[0118/110400.614:ERROR:exception_snapshot_win.cc(99)] thread ID 5996 not found in process
[0118/110400.637:ERROR:process_reader_win.cc(123)] NtOpenThread: {Access Denied} A process has requested access to an object, but has not been granted those access rights. (0xc0000022)
[0118/110400.637:ERROR:exception_snapshot_win.cc(99)] thread ID 8164 not found in process
[0118/110400.666:ERROR:process_reader_win.cc(123)] NtOpenThread: {Access Denied} A process has requested access to an object, but has not been granted those access rights. (0xc0000022)
[0118/110400.666:ERROR:exception_snapshot_win.cc(99)] thread ID 5852 not found in process
[0118/110400.712:ERROR:process_reader_win.cc(123)] NtOpenThread: {Access Denied} A process has requested access to an object, but has not been granted those access rights. (0xc0000022)
[0118/110400.713:ERROR:exception_snapshot_win.cc(99)] thread ID 7376 not found in process
[0118/110400.772:ERROR:process_reader_win.cc(123)] NtOpenThread: {Access Denied} A process has requested access to an object, but has not been granted those access rights. (0xc0000022)
[0118/110400.772:ERROR:exception_snapshot_win.cc(99)] thread ID 6316 not found in process
[0118/110936.023:ERROR:process_reader_win.cc(123)] NtOpenThread: {Access Denied} A process has requested access to an object, but has not been granted those access rights. (0xc0000022)
[0118/110936.024:ERROR:exception_snapshot_win.cc(99)] thread ID 6264 not found in process
[0118/110936.046:ERROR:process_reader_win.cc(123)] NtOpenThread: {Access Denied} A process has requested access to an object, but has not been granted those access rights. (0xc0000022)
[0118/110936.047:ERROR:exception_snapshot_win.cc(99)] thread ID 5936 not found in process
[0118/110936.090:ERROR:process_reader_win.cc(123)] NtOpenThread: {Access Denied} A process has requested access to an object, but has not been granted those access rights. (0xc0000022)
[0118/110936.090:ERROR:exception_snapshot_win.cc(99)] thread ID 5680 not found in process
[0118/110936.140:ERROR:process_reader_win.cc(123)] NtOpenThread: {Access Denied} A process has requested access to an object, but has not been granted those access rights. (0xc0000022)
[0118/110936.140:ERROR:exception_snapshot_win.cc(99)] thread ID 4424 not found in process
[0118/110936.140:ERROR:scoped_process_suspend.cc(40)] NtResumeProcess: An attempt was made to access an exiting process. (0xc000010a)
[0118/111411.968:ERROR:process_reader_win.cc(123)] NtOpenThread: {Access Denied} A process has requested access to an object, but has not been granted those access rights. (0xc0000022)
[0118/111411.969:ERROR:exception_snapshot_win.cc(99)] thread ID 6372 not found in process
[0118/111412.012:ERROR:process_reader_win.cc(123)] NtOpenThread: {Access Denied} A process has requested access to an object, but has not been granted those access rights. (0xc0000022)
[0118/111412.012:ERROR:exception_snapshot_win.cc(99)] thread ID 7516 not found in process
[0118/111544.848:ERROR:process_reader_win.cc(123)] NtOpenThread: {Access Denied} A process has requested access to an object, but has not been granted those access rights. (0xc0000022)
[0118/111544.848:ERROR:exception_snapshot_win.cc(99)] thread ID 1632 not found in process
[0118/111544.888:ERROR:process_reader_win.cc(123)] NtOpenThread: {Access Denied} A process has requested access to an object, but has not been granted those access rights. (0xc0000022)
[0118/111544.888:ERROR:exception_snapshot_win.cc(99)] thread ID 5464 not found in process
[0118/111544.933:ERROR:process_reader_win.cc(123)] NtOpenThread: {Access Denied} A process has requested access to an object, but has not been granted those access rights. (0xc0000022)
[0118/111544.933:ERROR:exception_snapshot_win.cc(99)] thread ID 2012 not found in process
[0118/111544.969:ERROR:process_reader_win.cc(123)] NtOpenThread: {Access Denied} A process has requested access to an object, but has not been granted those access rights. (0xc0000022)
[0118/111544.969:ERROR:exception_snapshot_win.cc(99)] thread ID 6800 not found in process
[0118/112159.819:ERROR:process_reader_win.cc(123)] NtOpenThread: {Access Denied} A process has requested access to an object, but has not been granted those access rights. (0xc0000022)
[0118/112159.819:ERROR:exception_snapshot_win.cc(99)] thread ID 1532 not found in process
[0118/112159.846:ERROR:process_reader_win.cc(123)] NtOpenThread: {Access Denied} A process has requested access to an object, but has not been granted those access rights. (0xc0000022)
[0118/112159.846:ERROR:exception_snapshot_win.cc(99)] thread ID 4320 not found in process
[0118/112159.867:ERROR:process_reader_win.cc(123)] NtOpenThread: {Access Denied} A process has requested access to an object, but has not been granted those access rights. (0xc0000022)
[0118/112159.867:ERROR:exception_snapshot_win.cc(99)] thread ID 2556 not found in process
[0118/112159.902:ERROR:process_reader_win.cc(123)] NtOpenThread: {Access Denied} A process has requested access to an object, but has not been granted those access rights. (0xc0000022)
[0118/112159.902:ERROR:exception_snapshot_win.cc(99)] thread ID 3316 not found in process
[0118/112353.135:ERROR:process_reader_win.cc(123)] NtOpenThread: {Access Denied} A process has requested access to an object, but has not been granted those access rights. (0xc0000022)
[0118/112353.136:ERROR:exception_snapshot_win.cc(99)] thread ID 7924 not found in process
[0118/112353.183:ERROR:process_reader_win.cc(123)] NtOpenThread: {Access Denied} A process has requested access to an object, but has not been granted those access rights. (0xc0000022)
[0118/112353.183:ERROR:exception_snapshot_win.cc(99)] thread ID 3596 not found in process
[0118/112353.243:ERROR:process_info.cc(329)] VirtualQueryEx: Access is denied. (0x5)
[0118/112353.243:ERROR:process_info.cc(556)] ReadMemoryInfo failed
[0118/112353.243:ERROR:process_memory_win.cc(39)] Failed to initialize ProcessInfo.
[0118/112353.243:ERROR:scoped_process_suspend.cc(40)] NtResumeProcess: An attempt was made to access an exiting process. (0xc000010a)
[0118/114708.314:ERROR:process_reader_win.cc(123)] NtOpenThread: {Access Denied} A process has requested access to an object, but has not been granted those access rights. (0xc0000022)
[0118/114708.314:ERROR:exception_snapshot_win.cc(99)] thread ID 5076 not found in process
[0118/114708.340:ERROR:process_reader_win.cc(123)] NtOpenThread: {Access Denied} A process has requested access to an object, but has not been granted those access rights. (0xc0000022)
[0118/114708.340:ERROR:exception_snapshot_win.cc(99)] thread ID 7492 not found in process
[0118/114708.363:ERROR:process_reader_win.cc(123)] NtOpenThread: {Access Denied} A process has requested access to an object, but has not been granted those access rights. (0xc0000022)
[0118/114708.363:ERROR:exception_snapshot_win.cc(99)] thread ID 8152 not found in process
[0118/114708.399:ERROR:process_reader_win.cc(123)] NtOpenThread: {Access Denied} A process has requested access to an object, but has not been granted those access rights. (0xc0000022)
[0118/114708.399:ERROR:exception_snapshot_win.cc(99)] thread ID 7084 not found in process
