[INFO  - 2020-12-28T05:40:19.503Z] GhostDriver - Main - running on port 52134
[INFO  - 2020-12-28T05:40:21.632Z] Session [2d0e3cb0-48cf-11eb-b778-af4abd258b70] - page.settings - {"XSSAuditingEnabled":false,"javascriptCanCloseWindows":true,"javascriptCanOpenWindows":true,"javascriptEnabled":true,"loadImages":true,"localToRemoteUrlAccessEnabled":false,"userAgent":"Mozilla/5.0 (Windows NT 6.1; WOW64) AppleWebKit/538.1 (KHTML, like Gecko) PhantomJS/2.1.1 Safari/538.1","webSecurityEnabled":true}
[INFO  - 2020-12-28T05:40:21.632Z] Session [2d0e3cb0-48cf-11eb-b778-af4abd258b70] - page.customHeaders:  - {}
[INFO  - 2020-12-28T05:40:21.632Z] Session [2d0e3cb0-48cf-11eb-b778-af4abd258b70] - Session.negotiatedCapabilities - {"browserName":"phantomjs","version":"2.1.1","driverName":"ghostdriver","driverVersion":"1.2.0","platform":"windows-7-32bit","javascriptEnabled":true,"takesScreenshot":true,"handlesAlerts":false,"databaseEnabled":false,"locationContextEnabled":false,"applicationCacheEnabled":false,"browserConnectionEnabled":false,"cssSelectorsEnabled":true,"webStorageEnabled":false,"rotatable":false,"acceptSslCerts":false,"nativeEvents":true,"proxy":{"proxyType":"direct"}}
[INFO  - 2020-12-28T05:40:21.632Z] SessionManagerReqHand - _postNewSessionCommand - New Session Created: 2d0e3cb0-48cf-11eb-b778-af4abd258b70
[ERROR - 2020-12-28T05:40:21.778Z] Session [2d0e3cb0-48cf-11eb-b778-af4abd258b70] - page.onError - msg: TypeError: undefined is not a constructor (evaluating 'performance.clearMarks()')

  phantomjs://platform/console++.js:263 in error
[ERROR - 2020-12-28T05:40:21.778Z] Session [2d0e3cb0-48cf-11eb-b778-af4abd258b70] - page.onError - stack:
  global code (https://seller.shopee.co.id/portal/product/list/all:1)

  phantomjs://platform/console++.js:263 in error
[ERROR - 2020-12-28T05:40:34.604Z] Session [2d0e3cb0-48cf-11eb-b778-af4abd258b70] - page.onError - msg: TypeError: Can't call method on undefined

  phantomjs://platform/console++.js:263 in error
[ERROR - 2020-12-28T05:40:34.604Z] Session [2d0e3cb0-48cf-11eb-b778-af4abd258b70] - page.onError - stack:
  exports (https://deo.shopeemobile.com/shopee/shopee-seller-live-sg/rootpages/static/vendor/js/index.a2d37ade40e4acfa22e5.js:47)
  exports (https://deo.shopeemobile.com/shopee/shopee-seller-live-sg/rootpages/static/vendor/js/index.a2d37ade40e4acfa22e5.js:1)
  keys (https://deo.shopeemobile.com/shopee/shopee-seller-live-sg/rootpages/static/vendor/js/index.a2d37ade40e4acfa22e5.js:47)
  /7QA (https://deo.shopeemobile.com/shopee/shopee-seller-live-sg/rootpages/static/framework/js/index.1fc73f0710e88497f267.js:1)
  i (https://deo.shopeemobile.com/shopee/shopee-seller-live-sg/rootpages/static/framework/js/index.1fc73f0710e88497f267.js:1)
  (anonymous function) (https://deo.shopeemobile.com/shopee/shopee-seller-live-sg/rootpages/static/framework/js/index.1fc73f0710e88497f267.js:1)
  (anonymous function) (https://deo.shopeemobile.com/shopee/shopee-seller-live-sg/rootpages/static/framework/js/index.1fc73f0710e88497f267.js:1)
  (anonymous function) (https://deo.shopeemobile.com/shopee/shopee-seller-live-sg/rootpages/static/framework/js/index.1fc73f0710e88497f267.js:1)

  phantomjs://platform/console++.js:263 in error
